#
# There is insufficient memory for the Java Runtime Environment to continue.
# Native memory allocation (malloc) failed to allocate 1294016 bytes for Chunk::new
# Possible reasons:
#   The system is out of physical RAM or swap space
#   The process is running with CompressedOops enabled, and the Java Heap may be blocking the growth of the native heap
# Possible solutions:
#   Reduce memory load on the system
#   Increase physical memory or swap space
#   Check if swap backing store is full
#   Decrease Java heap size (-Xmx/-Xms)
#   Decrease number of Java threads
#   Decrease Java thread stack sizes (-Xss)
#   Set larger code cache with -XX:ReservedCodeCacheSize=
#   JVM is running with Unscaled Compressed Oops mode in which the Java heap is
#     placed in the first 4GB address space. The Java Heap base address is the
#     maximum limit for the native heap growth. Please use -XX:HeapBaseMinAddress
#     to set the Java Heap base and to place the Java Heap above 4GB virtual address.
# This output file may be truncated or incomplete.
#
#  Out of Memory Error (allocation.cpp:389), pid=32708, tid=0x00000000000002dc
#
# JRE version: OpenJDK Runtime Environment (8.0_292-b10) (build 1.8.0_292-b10)
# Java VM: OpenJDK 64-Bit Server VM (25.292-b10 mixed mode windows-amd64 compressed oops)
# Failed to write core dump. Minidumps are not enabled by default on client versions of Windows
#

---------------  T H R E A D  ---------------

Current thread (0x000001eacf75f800):  JavaThread "C2 CompilerThread1" daemon [_thread_in_native, id=732, stack(0x000000a0a7f00000,0x000000a0a8000000)]

Stack: [0x000000a0a7f00000,0x000000a0a8000000]
[error occurred during error reporting (printing stack bounds), id 0xc0000005]

Native frames: (J=compiled Java code, j=interpreted, Vv=VM code, C=native code)


Current CompileTask:
C2:   6302 2979       4       groovy.lang.MetaClassImpl$1MOPIter::methodNameAction (325 bytes)


---------------  P R O C E S S  ---------------

Java Threads: ( => current thread )
  0x000001ead0c63000 JavaThread "Cache worker for file content cache (C:\Users\JJS\.gradle\caches\7.3.3\fileContent)" [_thread_blocked, id=21216, stack(0x000000a0a9d00000,0x000000a0a9e00000)]
  0x000001ead0c60000 JavaThread "Cache worker for execution history cache (C:\Users\JJS\.gradle\caches\7.3.3\executionHistory)" [_thread_blocked, id=26012, stack(0x000000a0a9c00000,0x000000a0a9d00000)]
  0x000001ead0c67000 JavaThread "Cache worker for checksums cache (C:\Users\JJS\RunningApp\.gradle\7.3.3\checksums)" [_thread_blocked, id=22700, stack(0x000000a0a9900000,0x000000a0a9a00000)]
  0x000001ead0c66000 JavaThread "jar transforms Thread 6" [_thread_blocked, id=4520, stack(0x000000a0a9800000,0x000000a0a9900000)]
  0x000001ead0c62000 JavaThread "jar transforms Thread 5" [_thread_blocked, id=21788, stack(0x000000a0a9700000,0x000000a0a9800000)]
  0x000001ead29d1800 JavaThread "jar transforms Thread 4" [_thread_blocked, id=5372, stack(0x000000a0a9600000,0x000000a0a9700000)]
  0x000001ead29ce800 JavaThread "jar transforms Thread 3" [_thread_blocked, id=25216, stack(0x000000a0a9500000,0x000000a0a9600000)]
  0x000001ead29cc000 JavaThread "jar transforms Thread 2" [_thread_blocked, id=32576, stack(0x000000a0a9400000,0x000000a0a9500000)]
  0x000001ead29d1000 JavaThread "jar transforms" [_thread_blocked, id=3544, stack(0x000000a0a9300000,0x000000a0a9400000)]
  0x000001ead29cd800 JavaThread "File watcher consumer" daemon [_thread_blocked, id=24700, stack(0x000000a0a9200000,0x000000a0a9300000)]
  0x000001ead29cf000 JavaThread "File watcher server" daemon [_thread_in_native, id=29724, stack(0x000000a0a9100000,0x000000a0a9200000)]
  0x000001ead29cb800 JavaThread "Cache worker for file hash cache (C:\Users\JJS\RunningApp\.gradle\7.3.3\fileHashes)" [_thread_blocked, id=27644, stack(0x000000a0a9000000,0x000000a0a9100000)]
  0x000001ead29ca800 JavaThread "Cache worker for file hash cache (C:\Users\JJS\.gradle\caches\7.3.3\fileHashes)" [_thread_blocked, id=26792, stack(0x000000a0a8f00000,0x000000a0a9000000)]
  0x000001ead29d0000 JavaThread "File lock request listener" [_thread_in_native, id=26700, stack(0x000000a0a8e00000,0x000000a0a8f00000)]
  0x000001ead29cd000 JavaThread "Cache worker for journal cache (C:\Users\JJS\.gradle\caches\journal-1)" [_thread_blocked, id=32960, stack(0x000000a0a8d00000,0x000000a0a8e00000)]
  0x000001ead241c800 JavaThread "Daemon client event forwarder" [_thread_blocked, id=33720, stack(0x000000a0a8c00000,0x000000a0a8d00000)]
  0x000001ead241b800 JavaThread "Stdin handler" [_thread_blocked, id=33772, stack(0x000000a0a8b00000,0x000000a0a8c00000)]
  0x000001ead241b000 JavaThread "Asynchronous log dispatcher for DefaultDaemonConnection: socket connection from /127.0.0.1:65430 to /127.0.0.1:65431" [_thread_blocked, id=8488, stack(0x000000a0a8a00000,0x000000a0a8b00000)]
  0x000001ead2431800 JavaThread "Daemon worker" [_thread_in_vm, id=29348, stack(0x000000a0a8900000,0x000000a0a8a00000)]
  0x000001ead242b800 JavaThread "Cancel handler" [_thread_blocked, id=26220, stack(0x000000a0a8800000,0x000000a0a8900000)]
  0x000001ead22e3800 JavaThread "Handler for socket connection from /127.0.0.1:65430 to /127.0.0.1:65431" [_thread_in_native, id=1064, stack(0x000000a0a8700000,0x000000a0a8800000)]
  0x000001ead22e2800 JavaThread "Daemon" [_thread_blocked, id=32824, stack(0x000000a0a8600000,0x000000a0a8700000)]
  0x000001ead23b9800 JavaThread "Daemon periodic checks" [_thread_blocked, id=24908, stack(0x000000a0a8500000,0x000000a0a8600000)]
  0x000001ead2236800 JavaThread "Incoming local TCP Connector on port 65430" [_thread_in_native, id=15852, stack(0x000000a0a8400000,0x000000a0a8500000)]
  0x000001ead2326000 JavaThread "Daemon health stats" [_thread_blocked, id=31656, stack(0x000000a0a8300000,0x000000a0a8400000)]
  0x000001ead0658800 JavaThread "Service Thread" daemon [_thread_blocked, id=14156, stack(0x000000a0a8100000,0x000000a0a8200000)]
  0x000001eacf762800 JavaThread "C1 CompilerThread2" daemon [_thread_in_vm, id=29476, stack(0x000000a0a8000000,0x000000a0a8100000)]
=>0x000001eacf75f800 JavaThread "C2 CompilerThread1" daemon [_thread_in_native, id=732, stack(0x000000a0a7f00000,0x000000a0a8000000)]
  0x000001eacf765800 JavaThread "C2 CompilerThread0" daemon [_thread_blocked, id=2176, stack(0x000000a0a7e00000,0x000000a0a7f00000)]
  0x000001eacf6fa000 JavaThread "Attach Listener" daemon [_thread_blocked, id=19076, stack(0x000000a0a7d00000,0x000000a0a7e00000)]
  0x000001eacf74d800 JavaThread "Signal Dispatcher" daemon [_thread_blocked, id=25376, stack(0x000000a0a7c00000,0x000000a0a7d00000)]
  0x000001eaced27800 JavaThread "Finalizer" daemon [_thread_blocked, id=26620, stack(0x000000a0a7b00000,0x000000a0a7c00000)]
  0x000001eacf6c7000 JavaThread "Reference Handler" daemon [_thread_blocked, id=3488, stack(0x000000a0a7a00000,0x000000a0a7b00000)]
  0x000001eab8816000 JavaThread "main" [_thread_blocked, id=19508, stack(0x000000a0a7200000,0x000000a0a7300000)]

Other Threads:
  0x000001eacf6a2000 VMThread [stack: 0x000000a0a7900000,0x000000a0a7a00000] [id=20788]
  0x000001eacf7bb800 WatcherThread [stack: 0x000000a0a8200000,0x000000a0a8300000] [id=21396]

VM state:not at safepoint (normal execution)

VM Mutex/Monitor currently owned by a thread: None

OutOfMemory and StackOverflow Exception counts:
OutOfMemoryError java_heap_errors=4

heap address: 0x0000000080000000, size: 2048 MB, Compressed Oops mode: 32-bit
Narrow klass base: 0x0000000000000000, Narrow klass shift: 3
Compressed class space size: 1073741824 Address: 0x0000000100000000

Heap:
 PSYoungGen      total 115712K, used 55739K [0x00000000d5580000, 0x00000000e1880000, 0x0000000100000000)
  eden space 101888K, 54% used [0x00000000d5580000,0x00000000d8beec70,0x00000000db900000)
  from space 13824K, 0% used [0x00000000db900000,0x00000000db900000,0x00000000dc680000)
  to   space 13312K, 0% used [0x00000000e0b80000,0x00000000e0b80000,0x00000000e1880000)
 ParOldGen       total 97792K, used 15721K [0x0000000080000000, 0x0000000085f80000, 0x00000000d5580000)
  object space 97792K, 16% used [0x0000000080000000,0x0000000080f5a710,0x0000000085f80000)
 Metaspace       used 36460K, capacity 38278K, committed 38400K, reserved 1081344K
  class space    used 5220K, capacity 5613K, committed 5632K, reserved 1048576K

Card table byte_map: [0x000001eac9940000,0x000001eac9d50000] byte_map_base: 0x000001eac9540000

Marking Bits: (ParMarkBitMap*) 0x000000005402f7f0
 Begin Bits: [0x000001eaca000000, 0x000001eacc000000)
 End Bits:   [0x000001eacc000000, 0x000001eace000000)

Polling page: 0x000001eaba550000

CodeCache: size=245760Kb used=11651Kb max_used=11651Kb free=234108Kb
 bounds [0x000001eaba580000, 0x000001eabb0f0000, 0x000001eac9580000]
 total_blobs=3863 nmethods=3154 adapters=621
 compilation: enabled

Compilation events (10 events):
Event: 6.296 Thread 0x000001eacf762800 3214       1       java.io.ObjectStreamClass::getNumObjFields (5 bytes)
Event: 6.296 Thread 0x000001eacf762800 nmethod 3214 0x000001eabb0d4190 code [0x000001eabb0d42e0, 0x000001eabb0d43f8]
Event: 6.296 Thread 0x000001eacf765800 3215       4       java.lang.String::equals (81 bytes)
Event: 6.296 Thread 0x000001eacf762800 3216       3       java.io.ObjectOutputStream$HandleTable::hash (8 bytes)
Event: 6.296 Thread 0x000001eacf762800 nmethod 3216 0x000001eabb0d3e10 code [0x000001eabb0d3f80, 0x000001eabb0d4110]
Event: 6.297 Thread 0x000001eacf762800 3217       3       java.io.ObjectOutputStream$HandleTable::lookup (56 bytes)
Event: 6.297 Thread 0x000001eacf762800 nmethod 3217 0x000001eabb0d3650 code [0x000001eabb0d37e0, 0x000001eabb0d3bb0]
Event: 6.297 Thread 0x000001eacf762800 3218       3       java.io.ObjectOutputStream$BlockDataOutputStream::setBlockDataMode (35 bytes)
Event: 6.297 Thread 0x000001eacf762800 nmethod 3218 0x000001eabb0d31d0 code [0x000001eabb0d3340, 0x000001eabb0d35b0]
Event: 6.297 Thread 0x000001eacf762800 3219   !   3       java.io.ObjectStreamClass::lookup (335 bytes)

GC Heap History (10 events):
Event: 3.953 GC heap before
{Heap before GC invocations=5 (full 1):
 PSYoungGen      total 73728K, used 10219K [0x00000000d5580000, 0x00000000de580000, 0x0000000100000000)
  eden space 63488K, 0% used [0x00000000d5580000,0x00000000d5580000,0x00000000d9380000)
  from space 10240K, 99% used [0x00000000d9d80000,0x00000000da77ad70,0x00000000da780000)
  to   space 10240K, 0% used [0x00000000d9380000,0x00000000d9380000,0x00000000d9d80000)
 ParOldGen       total 167936K, used 1256K [0x0000000080000000, 0x000000008a400000, 0x00000000d5580000)
  object space 167936K, 0% used [0x0000000080000000,0x000000008013a340,0x000000008a400000)
 Metaspace       used 20580K, capacity 21296K, committed 21296K, reserved 1067008K
  class space    used 2978K, capacity 3200K, committed 3200K, reserved 1048576K
Event: 3.982 GC heap after
Heap after GC invocations=5 (full 1):
 PSYoungGen      total 73728K, used 0K [0x00000000d5580000, 0x00000000de580000, 0x0000000100000000)
  eden space 63488K, 0% used [0x00000000d5580000,0x00000000d5580000,0x00000000d9380000)
  from space 10240K, 0% used [0x00000000d9d80000,0x00000000d9d80000,0x00000000da780000)
  to   space 10240K, 0% used [0x00000000d9380000,0x00000000d9380000,0x00000000d9d80000)
 ParOldGen       total 97792K, used 10424K [0x0000000080000000, 0x0000000085f80000, 0x00000000d5580000)
  object space 97792K, 10% used [0x0000000080000000,0x0000000080a2e1b0,0x0000000085f80000)
 Metaspace       used 20580K, capacity 21296K, committed 21296K, reserved 1067008K
  class space    used 2978K, capacity 3200K, committed 3200K, reserved 1048576K
}
Event: 4.641 GC heap before
{Heap before GC invocations=6 (full 1):
 PSYoungGen      total 73728K, used 63488K [0x00000000d5580000, 0x00000000de580000, 0x0000000100000000)
  eden space 63488K, 100% used [0x00000000d5580000,0x00000000d9380000,0x00000000d9380000)
  from space 10240K, 0% used [0x00000000d9d80000,0x00000000d9d80000,0x00000000da780000)
  to   space 10240K, 0% used [0x00000000d9380000,0x00000000d9380000,0x00000000d9d80000)
 ParOldGen       total 97792K, used 10424K [0x0000000080000000, 0x0000000085f80000, 0x00000000d5580000)
  object space 97792K, 10% used [0x0000000080000000,0x0000000080a2e1b0,0x0000000085f80000)
 Metaspace       used 24258K, capacity 25482K, committed 25728K, reserved 1071104K
  class space    used 3612K, capacity 3895K, committed 3968K, reserved 1048576K
Event: 4.645 GC heap after
Heap after GC invocations=6 (full 1):
 PSYoungGen      total 73728K, used 5462K [0x00000000d5580000, 0x00000000dd400000, 0x0000000100000000)
  eden space 63488K, 0% used [0x00000000d5580000,0x00000000d5580000,0x00000000d9380000)
  from space 10240K, 53% used [0x00000000d9380000,0x00000000d98d5960,0x00000000d9d80000)
  to   space 13824K, 0% used [0x00000000dc680000,0x00000000dc680000,0x00000000dd400000)
 ParOldGen       total 97792K, used 10432K [0x0000000080000000, 0x0000000085f80000, 0x00000000d5580000)
  object space 97792K, 10% used [0x0000000080000000,0x0000000080a301b0,0x0000000085f80000)
 Metaspace       used 24258K, capacity 25482K, committed 25728K, reserved 1071104K
  class space    used 3612K, capacity 3895K, committed 3968K, reserved 1048576K
}
Event: 5.317 GC heap before
{Heap before GC invocations=7 (full 1):
 PSYoungGen      total 73728K, used 68950K [0x00000000d5580000, 0x00000000dd400000, 0x0000000100000000)
  eden space 63488K, 100% used [0x00000000d5580000,0x00000000d9380000,0x00000000d9380000)
  from space 10240K, 53% used [0x00000000d9380000,0x00000000d98d5960,0x00000000d9d80000)
  to   space 13824K, 0% used [0x00000000dc680000,0x00000000dc680000,0x00000000dd400000)
 ParOldGen       total 97792K, used 10432K [0x0000000080000000, 0x0000000085f80000, 0x00000000d5580000)
  object space 97792K, 10% used [0x0000000080000000,0x0000000080a301b0,0x0000000085f80000)
 Metaspace       used 31769K, capacity 33198K, committed 33408K, reserved 1077248K
  class space    used 4636K, capacity 4920K, committed 4992K, reserved 1048576K
Event: 5.325 GC heap after
Heap after GC invocations=7 (full 1):
 PSYoungGen      total 115712K, used 10255K [0x00000000d5580000, 0x00000000dd480000, 0x0000000100000000)
  eden space 101888K, 0% used [0x00000000d5580000,0x00000000d5580000,0x00000000db900000)
  from space 13824K, 74% used [0x00000000dc680000,0x00000000dd083de8,0x00000000dd400000)
  to   space 13824K, 0% used [0x00000000db900000,0x00000000db900000,0x00000000dc680000)
 ParOldGen       total 97792K, used 10440K [0x0000000080000000, 0x0000000085f80000, 0x00000000d5580000)
  object space 97792K, 10% used [0x0000000080000000,0x0000000080a321b0,0x0000000085f80000)
 Metaspace       used 31769K, capacity 33198K, committed 33408K, reserved 1077248K
  class space    used 4636K, capacity 4920K, committed 4992K, reserved 1048576K
}
Event: 5.594 GC heap before
{Heap before GC invocations=8 (full 1):
 PSYoungGen      total 115712K, used 38263K [0x00000000d5580000, 0x00000000dd480000, 0x0000000100000000)
  eden space 101888K, 27% used [0x00000000d5580000,0x00000000d70da160,0x00000000db900000)
  from space 13824K, 74% used [0x00000000dc680000,0x00000000dd083de8,0x00000000dd400000)
  to   space 13824K, 0% used [0x00000000db900000,0x00000000db900000,0x00000000dc680000)
 ParOldGen       total 97792K, used 10440K [0x0000000080000000, 0x0000000085f80000, 0x00000000d5580000)
  object space 97792K, 10% used [0x0000000080000000,0x0000000080a321b0,0x0000000085f80000)
 Metaspace       used 33793K, capacity 35302K, committed 35456K, reserved 1079296K
  class space    used 4821K, capacity 5141K, committed 5248K, reserved 1048576K
Event: 5.604 GC heap after
Heap after GC invocations=8 (full 1):
 PSYoungGen      total 115712K, used 8089K [0x00000000d5580000, 0x00000000e1880000, 0x0000000100000000)
  eden space 101888K, 0% used [0x00000000d5580000,0x00000000d5580000,0x00000000db900000)
  from space 13824K, 58% used [0x00000000db900000,0x00000000dc0e65a8,0x00000000dc680000)
  to   space 13312K, 0% used [0x00000000e0b80000,0x00000000e0b80000,0x00000000e1880000)
 ParOldGen       total 97792K, used 10448K [0x0000000080000000, 0x0000000085f80000, 0x00000000d5580000)
  object space 97792K, 10% used [0x0000000080000000,0x0000000080a341b0,0x0000000085f80000)
 Metaspace       used 33793K, capacity 35302K, committed 35456K, reserved 1079296K
  class space    used 4821K, capacity 5141K, committed 5248K, reserved 1048576K
}
Event: 5.604 GC heap before
{Heap before GC invocations=9 (full 2):
 PSYoungGen      total 115712K, used 8089K [0x00000000d5580000, 0x00000000e1880000, 0x0000000100000000)
  eden space 101888K, 0% used [0x00000000d5580000,0x00000000d5580000,0x00000000db900000)
  from space 13824K, 58% used [0x00000000db900000,0x00000000dc0e65a8,0x00000000dc680000)
  to   space 13312K, 0% used [0x00000000e0b80000,0x00000000e0b80000,0x00000000e1880000)
 ParOldGen       total 97792K, used 10448K [0x0000000080000000, 0x0000000085f80000, 0x00000000d5580000)
  object space 97792K, 10% used [0x0000000080000000,0x0000000080a341b0,0x0000000085f80000)
 Metaspace       used 33793K, capacity 35302K, committed 35456K, reserved 1079296K
  class space    used 4821K, capacity 5141K, committed 5248K, reserved 1048576K
Event: 5.691 GC heap after
Heap after GC invocations=9 (full 2):
 PSYoungGen      total 115712K, used 0K [0x00000000d5580000, 0x00000000e1880000, 0x0000000100000000)
  eden space 101888K, 0% used [0x00000000d5580000,0x00000000d5580000,0x00000000db900000)
  from space 13824K, 0% used [0x00000000db900000,0x00000000db900000,0x00000000dc680000)
  to   space 13312K, 0% used [0x00000000e0b80000,0x00000000e0b80000,0x00000000e1880000)
 ParOldGen       total 97792K, used 15721K [0x0000000080000000, 0x0000000085f80000, 0x00000000d5580000)
  object space 97792K, 16% used [0x0000000080000000,0x0000000080f5a710,0x0000000085f80000)
 Metaspace       used 33782K, capacity 35266K, committed 35456K, reserved 1079296K
  class space    used 4818K, capacity 5135K, committed 5248K, reserved 1048576K
}

Deoptimization events (10 events):
Event: 5.021 Thread 0x000001ead2431800 Uncommon trap: reason=bimorphic action=maybe_recompile pc=0x000001eabac83238 method=java.io.BufferedInputStream.read([BII)I @ 101
Event: 5.022 Thread 0x000001ead2431800 Uncommon trap: reason=bimorphic action=maybe_recompile pc=0x000001eabac83238 method=java.io.BufferedInputStream.read([BII)I @ 101
Event: 5.022 Thread 0x000001ead2431800 Uncommon trap: reason=bimorphic action=maybe_recompile pc=0x000001eabac83238 method=java.io.BufferedInputStream.read([BII)I @ 101
Event: 5.023 Thread 0x000001ead2431800 Uncommon trap: reason=bimorphic action=maybe_recompile pc=0x000001eabac83238 method=java.io.BufferedInputStream.read([BII)I @ 101
Event: 5.265 Thread 0x000001ead2431800 Uncommon trap: reason=unstable_if action=reinterpret pc=0x000001eaba9b7c30 method=sun.misc.URLClassPath$JarLoader.getResource(Ljava/lang/String;ZLjava/util/Set;)Lsun/misc/Resource; @ 17
Event: 5.306 Thread 0x000001ead2431800 Uncommon trap: reason=unstable_if action=reinterpret pc=0x000001eabada8f84 method=sun.reflect.misc.ReflectUtil.isNonPublicProxyClass(Ljava/lang/Class;)Z @ 14
Event: 6.295 Thread 0x000001ead2431800 Uncommon trap: reason=class_check action=maybe_recompile pc=0x000001eaba69aba8 method=java.lang.String.equals(Ljava/lang/Object;)Z @ 8
Event: 6.296 Thread 0x000001ead2431800 Uncommon trap: reason=class_check action=maybe_recompile pc=0x000001eaba69aba8 method=java.lang.String.equals(Ljava/lang/Object;)Z @ 8
Event: 6.296 Thread 0x000001ead2431800 Uncommon trap: reason=class_check action=maybe_recompile pc=0x000001eaba69aba8 method=java.lang.String.equals(Ljava/lang/Object;)Z @ 8
Event: 6.296 Thread 0x000001ead2431800 Uncommon trap: reason=class_check action=maybe_recompile pc=0x000001eaba69aba8 method=java.lang.String.equals(Ljava/lang/Object;)Z @ 8

Classes redefined (0 events):
No events

Internal exceptions (10 events):
Event: 6.059 Thread 0x000001ead2431800 Exception <a 'java/lang/ClassNotFoundException': ijinit_3kkgdx3qg73pq1z0sxaz80kr5BeanInfo> (0x00000000d8222cd0) thrown at [C:\wsjdk\Corretto8Src\installers\windows\zip\corretto-build\buildRoot\src\hotspot\src\share\vm\classfile\systemDictionary.cpp, line 
Event: 6.059 Thread 0x000001ead2431800 Exception <a 'java/lang/ClassNotFoundException': ijinit_3kkgdx3qg73pq1z0sxaz80kr5Customizer> (0x00000000d82327a0) thrown at [C:\wsjdk\Corretto8Src\installers\windows\zip\corretto-build\buildRoot\src\hotspot\src\share\vm\classfile\systemDictionary.cpp, lin
Event: 6.065 Thread 0x000001ead2431800 Exception <a 'java/lang/ClassNotFoundException': ijinit_3kkgdx3qg73pq1z0sxaz80kr5$_run_closure1BeanInfo> (0x00000000d829ea98) thrown at [C:\wsjdk\Corretto8Src\installers\windows\zip\corretto-build\buildRoot\src\hotspot\src\share\vm\classfile\systemDiction
Event: 6.065 Thread 0x000001ead2431800 Exception <a 'java/lang/ClassNotFoundException': ijinit_3kkgdx3qg73pq1z0sxaz80kr5$_run_closure1Customizer> (0x00000000d82a45e8) thrown at [C:\wsjdk\Corretto8Src\installers\windows\zip\corretto-build\buildRoot\src\hotspot\src\share\vm\classfile\systemDicti
Event: 6.160 Thread 0x000001ead2431800 Exception <a 'java/lang/ClassNotFoundException': ijinit_3kkgdx3qg73pq1z0sxaz80kr5BeanInfo> (0x00000000d83c67c8) thrown at [C:\wsjdk\Corretto8Src\installers\windows\zip\corretto-build\buildRoot\src\hotspot\src\share\vm\classfile\systemDictionary.cpp, line 
Event: 6.160 Thread 0x000001ead2431800 Exception <a 'java/lang/ClassNotFoundException': ijinit_3kkgdx3qg73pq1z0sxaz80kr5Customizer> (0x00000000d83d6238) thrown at [C:\wsjdk\Corretto8Src\installers\windows\zip\corretto-build\buildRoot\src\hotspot\src\share\vm\classfile\systemDictionary.cpp, lin
Event: 6.203 Thread 0x000001ead2431800 Exception <a 'java/lang/OutOfMemoryError'> (0x00000000d83f5d28) thrown at [C:\wsjdk\Corretto8Src\installers\windows\zip\corretto-build\buildRoot\src\hotspot\src\share\vm\prims\jni.cpp, line 738]
Event: 6.203 Thread 0x000001ead2431800 Exception <a 'java/lang/OutOfMemoryError'> (0x00000000d83f5d28) thrown at [C:\wsjdk\Corretto8Src\installers\windows\zip\corretto-build\buildRoot\src\hotspot\src\share\vm\prims\jvm.cpp, line 1527]
Event: 6.203 Thread 0x000001ead2431800 Exception <a 'java/lang/OutOfMemoryError'> (0x00000000d83f5d28) thrown at [C:\wsjdk\Corretto8Src\installers\windows\zip\corretto-build\buildRoot\src\hotspot\src\share\vm\prims\jvm.cpp, line 1527]
Event: 6.203 Thread 0x000001ead2431800 Exception <a 'java/lang/OutOfMemoryError'> (0x00000000d83f5d28) thrown at [C:\wsjdk\Corretto8Src\installers\windows\zip\corretto-build\buildRoot\src\hotspot\src\share\vm\prims\jvm.cpp, line 1527]

Events (10 events):
Event: 6.295 Thread 0x000001ead2431800 DEOPT UNPACKING pc=0x000001eaba5c5583 sp=0x000000a0a89fcd10 mode 2
Event: 6.296 Thread 0x000001ead2431800 Uncommon trap: trap_request=0xffffffde fr.pc=0x000001eaba69aba8
Event: 6.296 Thread 0x000001ead2431800 DEOPT PACKING pc=0x000001eaba69aba8 sp=0x000000a0a89fc9f0
Event: 6.296 Thread 0x000001ead2431800 DEOPT UNPACKING pc=0x000001eaba5c5583 sp=0x000000a0a89fc980 mode 2
Event: 6.296 Thread 0x000001ead2431800 Uncommon trap: trap_request=0xffffffde fr.pc=0x000001eaba69aba8
Event: 6.296 Thread 0x000001ead2431800 DEOPT PACKING pc=0x000001eaba69aba8 sp=0x000000a0a89fc9f0
Event: 6.296 Thread 0x000001ead2431800 DEOPT UNPACKING pc=0x000001eaba5c5583 sp=0x000000a0a89fc980 mode 2
Event: 6.296 Thread 0x000001ead2431800 Uncommon trap: trap_request=0xffffffde fr.pc=0x000001eaba69aba8
Event: 6.296 Thread 0x000001ead2431800 DEOPT PACKING pc=0x000001eaba69aba8 sp=0x000000a0a89fc9f0
Event: 6.296 Thread 0x000001ead2431800 DEOPT UNPACKING pc=0x000001eaba5c5583 sp=0x000000a0a89fc980 mode 2


Dynamic libraries:
0x00007ff75dcf0000 - 0x00007ff75dd2a000 	C:\Users\JJS\.jdks\corretto-1.8.0_292\bin\java.exe
0x00007ffafed90000 - 0x00007ffafef88000 	C:\WINDOWS\SYSTEM32\ntdll.dll
0x00007ffafea00000 - 0x00007ffafeabd000 	C:\WINDOWS\System32\KERNEL32.DLL
0x00007ffafc9a0000 - 0x00007ffafcc6e000 	C:\WINDOWS\System32\KERNELBASE.dll
0x00007ffafeac0000 - 0x00007ffafeb6e000 	C:\WINDOWS\System32\ADVAPI32.dll
0x00007ffafe7b0000 - 0x00007ffafe84e000 	C:\WINDOWS\System32\msvcrt.dll
0x00007ffafebe0000 - 0x00007ffafec7c000 	C:\WINDOWS\System32\sechost.dll
0x00007ffafe1b0000 - 0x00007ffafe2d5000 	C:\WINDOWS\System32\RPCRT4.dll
0x00007ffafcdf0000 - 0x00007ffafcf90000 	C:\WINDOWS\System32\USER32.dll
0x00007ffafc790000 - 0x00007ffafc7b2000 	C:\WINDOWS\System32\win32u.dll
0x00007ffafd8f0000 - 0x00007ffafd91a000 	C:\WINDOWS\System32\GDI32.dll
0x00007ffafcc70000 - 0x00007ffafcd7b000 	C:\WINDOWS\System32\gdi32full.dll
0x00007ffafc540000 - 0x00007ffafc5dd000 	C:\WINDOWS\System32\msvcp_win.dll
0x00007ffafc690000 - 0x00007ffafc790000 	C:\WINDOWS\System32\ucrtbase.dll
0x00007ffae7670000 - 0x00007ffae790a000 	C:\WINDOWS\WinSxS\amd64_microsoft.windows.common-controls_6595b64144ccf1df_6.0.19041.1110_none_60b5254171f9507e\COMCTL32.dll
0x00007ffafe2e0000 - 0x00007ffafe310000 	C:\WINDOWS\System32\IMM32.DLL
0x00007ffad6b50000 - 0x00007ffad6c3f000 	C:\Users\JJS\.jdks\corretto-1.8.0_292\jre\bin\msvcr120.dll
0x00007ffad6710000 - 0x00007ffad67b6000 	C:\Users\JJS\.jdks\corretto-1.8.0_292\jre\bin\msvcp120.dll
0x0000000053840000 - 0x00000000540ae000 	C:\Users\JJS\.jdks\corretto-1.8.0_292\jre\bin\server\jvm.dll
0x00007ffafd8e0000 - 0x00007ffafd8e8000 	C:\WINDOWS\System32\PSAPI.DLL
0x00007ffaf3030000 - 0x00007ffaf3057000 	C:\WINDOWS\SYSTEM32\WINMM.dll
0x00007ffaf6470000 - 0x00007ffaf6479000 	C:\WINDOWS\SYSTEM32\WSOCK32.dll
0x00007ffafd0c0000 - 0x00007ffafd12b000 	C:\WINDOWS\System32\WS2_32.dll
0x00007ffaf3020000 - 0x00007ffaf302a000 	C:\WINDOWS\SYSTEM32\VERSION.dll
0x00007ffaf1890000 - 0x00007ffaf189f000 	C:\Users\JJS\.jdks\corretto-1.8.0_292\jre\bin\verify.dll
0x00007ffae6b00000 - 0x00007ffae6b29000 	C:\Users\JJS\.jdks\corretto-1.8.0_292\jre\bin\java.dll
0x00007ffaea970000 - 0x00007ffaea986000 	C:\Users\JJS\.jdks\corretto-1.8.0_292\jre\bin\zip.dll
0x00007ffafd130000 - 0x00007ffafd873000 	C:\WINDOWS\System32\SHELL32.dll
0x00007ffafa5a0000 - 0x00007ffafad35000 	C:\WINDOWS\SYSTEM32\windows.storage.dll
0x00007ffafe450000 - 0x00007ffafe7a4000 	C:\WINDOWS\System32\combase.dll
0x00007ffafbf10000 - 0x00007ffafbf40000 	C:\WINDOWS\SYSTEM32\Wldp.dll
0x00007ffafec80000 - 0x00007ffafed2d000 	C:\WINDOWS\System32\SHCORE.dll
0x00007ffafe3f0000 - 0x00007ffafe445000 	C:\WINDOWS\System32\shlwapi.dll
0x00007ffafc3f0000 - 0x00007ffafc40f000 	C:\WINDOWS\SYSTEM32\profapi.dll
0x00007ffae8790000 - 0x00007ffae87aa000 	C:\Users\JJS\.jdks\corretto-1.8.0_292\jre\bin\net.dll
0x00007ffafbc70000 - 0x00007ffafbcda000 	C:\WINDOWS\system32\mswsock.dll
0x00007ffae6d80000 - 0x00007ffae6d92000 	C:\Users\JJS\.jdks\corretto-1.8.0_292\jre\bin\nio.dll
0x00007ffaec810000 - 0x00007ffaec837000 	C:\Users\JJS\.gradle\native\e1d6ef7f7dcc3fd88c89a11ec53ec762bb8ba0a96d01ffa2cd45eb1d1d8dd5c5\windows-amd64\native-platform.dll
0x00007ffad39e0000 - 0x00007ffad3b24000 	C:\Users\JJS\.gradle\native\5664cfc778a61ccfe75a443a1ab52a65af34e5dc3c78e0209fed803814484fcb\windows-amd64\native-platform-file-events.dll
0x00007ffaec6a0000 - 0x00007ffaec6ad000 	C:\Users\JJS\.jdks\corretto-1.8.0_292\jre\bin\management.dll
0x00007ffafbe60000 - 0x00007ffafbe78000 	C:\WINDOWS\SYSTEM32\CRYPTSP.dll
0x00007ffafb580000 - 0x00007ffafb5b4000 	C:\WINDOWS\system32\rsaenh.dll
0x00007ffafc920000 - 0x00007ffafc947000 	C:\WINDOWS\System32\bcrypt.dll
0x00007ffafc370000 - 0x00007ffafc39e000 	C:\WINDOWS\SYSTEM32\USERENV.dll
0x00007ffafc4b0000 - 0x00007ffafc532000 	C:\WINDOWS\System32\bcryptprimitives.dll
0x00007ffafbe80000 - 0x00007ffafbe8c000 	C:\WINDOWS\SYSTEM32\CRYPTBASE.dll
0x00007ffafb910000 - 0x00007ffafb94b000 	C:\WINDOWS\SYSTEM32\IPHLPAPI.DLL
0x00007ffafebd0000 - 0x00007ffafebd8000 	C:\WINDOWS\System32\NSI.dll
0x00007ffaf2600000 - 0x00007ffaf2617000 	C:\WINDOWS\SYSTEM32\dhcpcsvc6.DLL
0x00007ffaf2f90000 - 0x00007ffaf2fad000 	C:\WINDOWS\SYSTEM32\dhcpcsvc.DLL
0x00007ffafb950000 - 0x00007ffafba1a000 	C:\WINDOWS\SYSTEM32\DNSAPI.dll

VM Arguments:
jvm_args: -Xmx2048m -Dfile.encoding=UTF-8 -Duser.country=KR -Duser.language=ko -Duser.variant 
java_command: org.gradle.launcher.daemon.bootstrap.GradleDaemon 7.3.3
java_class_path (initial): C:\Users\JJS\.gradle\wrapper\dists\gradle-7.3.3-bin\6a41zxkdtcxs8rphpq6y0069z\gradle-7.3.3\lib\gradle-launcher-7.3.3.jar
Launcher Type: SUN_STANDARD

Environment Variables:
JAVA_HOME=C:\Program Files\Zulu\zulu-16\
CLASSPATH=C:\Program Files\Zulu\zulu-16\\lib
PATH=C:\Program Files\Zulu\zulu-16\bin\;C:\Program Files\Common Files\Oracle\Java\javapath;C:\Program Files (x86)\Common Files\Oracle\Java\javapath;C:\WINDOWS\system32;C:\WINDOWS;C:\WINDOWS\System32\Wbem;C:\WINDOWS\System32\WindowsPowerShell\v1.0\;C:\WINDOWS\System32\OpenSSH\;C:\Program Files\Zulu\zulu-16\\bin;C:\Program Files\Git\cmd;C:\Program Files\dotnet\;C:\Program Files (x86)\dotnet\;C:\Program Files\Bandizip\;C:\Users\JJS\AppData\Local\Android\Sdk\platform-tools;C:\Users\JJS\AppData\Local\Microsoft\WindowsApps;;C:\Users\JJS\AppData\Local\Programs\Microsoft VS Code\bin;C:\Program Files\JetBrains\IntelliJ IDEA Community Edition 2021.2.1\bin;
USERNAME=JJS
OS=Windows_NT
PROCESSOR_IDENTIFIER=AMD64 Family 23 Model 96 Stepping 1, AuthenticAMD



---------------  S Y S T E M  ---------------

OS: Windows 10.0 , 64 bit Build 19041 (10.0.19041.1889)

CPU:total 6 (initial active 6) (6 cores per cpu, 1 threads per core) family 23 model 96 stepping 1, cmov, cx8, fxsr, mmx, sse, sse2, sse3, ssse3, sse4.1, sse4.2, popcnt, avx, avx2, aes, clmul, mmxext, 3dnowpref, lzcnt, sse4a, tsc, tscinvbit, tscinv, bmi1

Memory: 4k page, physical 16119096k(5420628k free), swap 66450744k(5988k free)

vm_info: OpenJDK 64-Bit Server VM (25.292-b10) for windows-amd64 JRE (1.8.0_292-b10), built on Apr 14 2021 23:06:53 by "Administrator" with MS VC++ 12.0 (VS2013)

time: Thu Sep 29 14:46:12 2022
timezone: ¢¥eCN©öI¡¾©ö C¡ÍA¨ª¨öA
elapsed time: 6.314073 seconds (0d 0h 0m 6s)

